<?xml version="1.0" encoding="UTF-8"?>
<!-- Generated by org.testng.reporters.JUnitReportReporter -->
<testsuite hostname="LTIN490436" failures="0" tests="6" name="policybazaar.test.TravelInsuranceTest" time="7.950" errors="1" timestamp="2024-02-28T13:26:19 IST" skipped="0">
  <testcase classname="policybazaar.test.TravelInsuranceTest" name="testTravelInsuranceButtonClick" time="0.494"/>
  <system-out/>
  <testcase classname="policybazaar.test.TravelInsuranceTest" name="testSwitchToChildWindow" time="0.250"/>
  <system-out/>
  <testcase classname="policybazaar.test.TravelInsuranceTest" name="SelectDestination" time="3.905"/>
  <system-out/>
  <testcase classname="policybazaar.test.TravelInsuranceTest" name="testSelectDate" time="1.302"/>
  <system-out/>
  <testcase classname="policybazaar.test.TravelInsuranceTest" name="testSelectNumberOfTravellers" time="1.748"/>
  <system-out/>
  <testcase classname="policybazaar.test.TravelInsuranceTest" name="ViewPlan" time="0.251">
    <error message="Cannot read field &quot;MobileNo&quot; because &quot;this.data&quot; is null" type="java.lang.NullPointerException">
      <![CDATA[java.lang.NullPointerException: Cannot read field "MobileNo" because "this.data" is null
at policybazaar.test.TravelInsuranceTest.ViewPlan(TravelInsuranceTest.java:157)
at java.base/jdk.internal.reflect.NativeMethodAccessorImpl.invoke0(Native Method)
at java.base/jdk.internal.reflect.NativeMethodAccessorImpl.invoke(NativeMethodAccessorImpl.java:77)
at java.base/jdk.internal.reflect.DelegatingMethodAccessorImpl.invoke(DelegatingMethodAccessorImpl.java:43)
at java.base/java.lang.reflect.Method.invoke(Method.java:568)
at org.testng.internal.MethodInvocationHelper.invokeMethod(MethodInvocationHelper.java:133)
at org.testng.internal.TestInvoker.invokeMethod(TestInvoker.java:598)
at org.testng.internal.TestInvoker.invokeTestMethod(TestInvoker.java:173)
at org.testng.internal.MethodRunner.runInSequence(MethodRunner.java:46)
at org.testng.internal.TestInvoker$MethodInvocationAgent.invoke(TestInvoker.java:824)
at org.testng.internal.TestInvoker.invokeTestMethods(TestInvoker.java:146)
at org.testng.internal.TestMethodWorker.invokeTestMethods(TestMethodWorker.java:146)
at org.testng.internal.TestMethodWorker.run(TestMethodWorker.java:128)
at java.base/java.util.ArrayList.forEach(ArrayList.java:1511)
at org.testng.TestRunner.privateRun(TestRunner.java:794)
at org.testng.TestRunner.run(TestRunner.java:596)
at org.testng.SuiteRunner.runTest(SuiteRunner.java:377)
at org.testng.SuiteRunner.runSequentially(SuiteRunner.java:371)
at org.testng.SuiteRunner.privateRun(SuiteRunner.java:332)
at org.testng.SuiteRunner.run(SuiteRunner.java:276)
at org.testng.SuiteRunnerWorker.runSuite(SuiteRunnerWorker.java:53)
at org.testng.SuiteRunnerWorker.run(SuiteRunnerWorker.java:96)
at org.testng.TestNG.runSuitesSequentially(TestNG.java:1212)
at org.testng.TestNG.runSuitesLocally(TestNG.java:1134)
at org.testng.TestNG.runSuites(TestNG.java:1063)
at org.testng.TestNG.run(TestNG.java:1031)
at org.testng.remote.AbstractRemoteTestNG.run(AbstractRemoteTestNG.java:115)
at org.testng.remote.RemoteTestNG.initAndRun(RemoteTestNG.java:251)
at org.testng.remote.RemoteTestNG.main(RemoteTestNG.java:77)
]]>
    </error>
  </testcase> <!-- ViewPlan -->
  <system-out/>
</testsuite> <!-- policybazaar.test.TravelInsuranceTest -->
